# JRE version: Java(TM) SE Runtime Environment (21.0.4+8) (build 21.0.4+8-LTS-274)
# Java VM: Java HotSpot(TM) 64-Bit Server VM (21.0.4+8-LTS-274, mixed mode, sharing, tiered, compressed oops, compressed class ptrs, g1 gc, windows-amd64)
GC Precious Log:
 CardTable entry size: 512
 Card Set container configuration: InlinePtr #cards 5 size 8 Array Of Cards #cards 12 size 40 Howl #buckets 4 coarsen threshold 1843 Howl Bitmap #cards 512 size 80 coarsen threshold 460 Card regions per heap region 1 cards per card region 2048
 CPUs: 12 total, 12 available
 Memory: 16087M
 Large Page Support: Disabled
 NUMA Support: Disabled
 Compressed Oops: Enabled (32-bit)
 Heap Region Size: 1M
 Heap Min Capacity: 8M
 Heap Initial Capacity: 252M
 Heap Max Capacity: 1G
 Pre-touch: Disabled
 Parallel Workers: 10
 Concurrent Workers: 3
 Concurrent Refinement Workers: 10
 Periodic GC: Disabled
Heap:
 garbage-first heap   total 219136K, used 174776K [0x00000000c0000000, 0x0000000100000000)
  region size 1024K, 8 young (8192K), 4 survivors (4096K)
 Metaspace       used 82677K, committed 84992K, reserved 1179648K
  class space    used 11570K, committed 12736K, reserved 1048576K
GC Heap History (20 events):
Event: 11.253 GC heap before
{Heap before GC invocations=22 (full 1):
 garbage-first heap   total 132096K, used 101142K [0x00000000c0000000, 0x0000000100000000)
  region size 1024K, 33 young (33792K), 1 survivors (1024K)
 Metaspace       used 77323K, committed 79552K, reserved 1179648K
  class space    used 10963K, committed 12032K, reserved 1048576K
}
Event: 11.258 GC heap after
{Heap after GC invocations=23 (full 1):
 garbage-first heap   total 132096K, used 78343K [0x00000000c0000000, 0x0000000100000000)
  region size 1024K, 5 young (5120K), 5 survivors (5120K)
 Metaspace       used 77323K, committed 79552K, reserved 1179648K
  class space    used 10963K, committed 12032K, reserved 1048576K
}
Event: 11.659 GC heap before
{Heap before GC invocations=23 (full 1):
 garbage-first heap   total 132096K, used 116231K [0x00000000c0000000, 0x0000000100000000)
  region size 1024K, 37 young (37888K), 5 survivors (5120K)
 Metaspace       used 77600K, committed 79808K, reserved 1179648K
  class space    used 10999K, committed 12096K, reserved 1048576K
}
Event: 11.684 GC heap after
{Heap after GC invocations=24 (full 1):
 garbage-first heap   total 163840K, used 94231K [0x00000000c0000000, 0x0000000100000000)
  region size 1024K, 5 young (5120K), 5 survivors (5120K)
 Metaspace       used 77600K, committed 79808K, reserved 1179648K
  class space    used 10999K, committed 12096K, reserved 1048576K
}
Event: 12.009 GC heap before
{Heap before GC invocations=24 (full 1):
 garbage-first heap   total 163840K, used 133143K [0x00000000c0000000, 0x0000000100000000)
  region size 1024K, 43 young (44032K), 5 survivors (5120K)
 Metaspace       used 78097K, committed 80256K, reserved 1179648K
  class space    used 11056K, committed 12096K, reserved 1048576K
}
Event: 12.016 GC heap after
{Heap after GC invocations=25 (full 1):
 garbage-first heap   total 163840K, used 102844K [0x00000000c0000000, 0x0000000100000000)
  region size 1024K, 6 young (6144K), 6 survivors (6144K)
 Metaspace       used 78097K, committed 80256K, reserved 1179648K
  class space    used 11056K, committed 12096K, reserved 1048576K
}
Event: 12.330 GC heap before
{Heap before GC invocations=26 (full 1):
 garbage-first heap   total 186368K, used 138684K [0x00000000c0000000, 0x0000000100000000)
  region size 1024K, 41 young (41984K), 6 survivors (6144K)
 Metaspace       used 78431K, committed 80640K, reserved 1179648K
  class space    used 11076K, committed 12160K, reserved 1048576K
}
Event: 12.341 GC heap after
{Heap after GC invocations=27 (full 1):
 garbage-first heap   total 186368K, used 112447K [0x00000000c0000000, 0x0000000100000000)
  region size 1024K, 6 young (6144K), 6 survivors (6144K)
 Metaspace       used 78431K, committed 80640K, reserved 1179648K
  class space    used 11076K, committed 12160K, reserved 1048576K
}
Event: 13.020 GC heap before
{Heap before GC invocations=27 (full 1):
 garbage-first heap   total 186368K, used 152383K [0x00000000c0000000, 0x0000000100000000)
  region size 1024K, 46 young (47104K), 6 survivors (6144K)
 Metaspace       used 79891K, committed 82112K, reserved 1179648K
  class space    used 11235K, committed 12352K, reserved 1048576K
}
Event: 13.031 GC heap after
{Heap after GC invocations=28 (full 1):
 garbage-first heap   total 186368K, used 116171K [0x00000000c0000000, 0x0000000100000000)
  region size 1024K, 4 young (4096K), 4 survivors (4096K)
 Metaspace       used 79891K, committed 82112K, reserved 1179648K
  class space    used 11235K, committed 12352K, reserved 1048576K
}
Event: 13.345 GC heap before
{Heap before GC invocations=28 (full 1):
 garbage-first heap   total 186368K, used 157131K [0x00000000c0000000, 0x0000000100000000)
  region size 1024K, 44 young (45056K), 4 survivors (4096K)
 Metaspace       used 80563K, committed 82816K, reserved 1179648K
  class space    used 11298K, committed 12416K, reserved 1048576K
}
Event: 13.349 GC heap after
{Heap after GC invocations=29 (full 1):
 garbage-first heap   total 186368K, used 117492K [0x00000000c0000000, 0x0000000100000000)
  region size 1024K, 2 young (2048K), 2 survivors (2048K)
 Metaspace       used 80563K, committed 82816K, reserved 1179648K
  class space    used 11298K, committed 12416K, reserved 1048576K
}
Event: 13.606 GC heap before
{Heap before GC invocations=30 (full 1):
 garbage-first heap   total 214016K, used 157428K [0x00000000c0000000, 0x0000000100000000)
  region size 1024K, 44 young (45056K), 2 survivors (2048K)
 Metaspace       used 80838K, committed 83136K, reserved 1179648K
  class space    used 11347K, committed 12480K, reserved 1048576K
}
Event: 13.608 GC heap after
{Heap after GC invocations=31 (full 1):
 garbage-first heap   total 214016K, used 114115K [0x00000000c0000000, 0x0000000100000000)
  region size 1024K, 1 young (1024K), 1 survivors (1024K)
 Metaspace       used 80838K, committed 83136K, reserved 1179648K
  class space    used 11347K, committed 12480K, reserved 1048576K
}
Event: 14.058 GC heap before
{Heap before GC invocations=31 (full 1):
 garbage-first heap   total 214016K, used 176579K [0x00000000c0000000, 0x0000000100000000)
  region size 1024K, 62 young (63488K), 1 survivors (1024K)
 Metaspace       used 82646K, committed 84992K, reserved 1179648K
  class space    used 11568K, committed 12736K, reserved 1048576K
}
Event: 14.066 GC heap after
{Heap after GC invocations=32 (full 1):
 garbage-first heap   total 214016K, used 132887K [0x00000000c0000000, 0x0000000100000000)
  region size 1024K, 8 young (8192K), 8 survivors (8192K)
 Metaspace       used 82646K, committed 84992K, reserved 1179648K
  class space    used 11568K, committed 12736K, reserved 1048576K
}
Event: 14.134 GC heap before
{Heap before GC invocations=32 (full 1):
 garbage-first heap   total 214016K, used 177943K [0x00000000c0000000, 0x0000000100000000)
  region size 1024K, 52 young (53248K), 8 survivors (8192K)
 Metaspace       used 82677K, committed 84992K, reserved 1179648K
  class space    used 11570K, committed 12736K, reserved 1048576K
}
Event: 14.146 GC heap after
{Heap after GC invocations=33 (full 1):
 garbage-first heap   total 219136K, used 165655K [0x00000000c0000000, 0x0000000100000000)
  region size 1024K, 7 young (7168K), 7 survivors (7168K)
 Metaspace       used 82677K, committed 84992K, reserved 1179648K
  class space    used 11570K, committed 12736K, reserved 1048576K
}
Event: 14.210 GC heap before
{Heap before GC invocations=33 (full 1):
 garbage-first heap   total 219136K, used 189207K [0x00000000c0000000, 0x0000000100000000)
  region size 1024K, 30 young (30720K), 7 survivors (7168K)
 Metaspace       used 82677K, committed 84992K, reserved 1179648K
  class space    used 11570K, committed 12736K, reserved 1048576K
}
Event: 14.215 GC heap after
{Heap after GC invocations=34 (full 1):
 garbage-first heap   total 219136K, used 171704K [0x00000000c0000000, 0x0000000100000000)
  region size 1024K, 4 young (4096K), 4 survivors (4096K)
 Metaspace       used 82677K, committed 84992K, reserved 1179648K
  class space    used 11570K, committed 12736K, reserved 1048576K
}

