# JRE version: Java(TM) SE Runtime Environment (21.0.4+8) (build 21.0.4+8-LTS-274)
# Java VM: Java HotSpot(TM) 64-Bit Server VM (21.0.4+8-LTS-274, mixed mode, sharing, tiered, compressed oops, compressed class ptrs, g1 gc, windows-amd64)
GC Precious Log:
 CardTable entry size: 512
 Card Set container configuration: InlinePtr #cards 5 size 8 Array Of Cards #cards 12 size 40 Howl #buckets 4 coarsen threshold 1843 Howl Bitmap #cards 512 size 80 coarsen threshold 460 Card regions per heap region 1 cards per card region 2048
 CPUs: 12 total, 12 available
 Memory: 16087M
 Large Page Support: Disabled
 NUMA Support: Disabled
 Compressed Oops: Enabled (32-bit)
 Heap Region Size: 1M
 Heap Min Capacity: 8M
 Heap Initial Capacity: 252M
 Heap Max Capacity: 1G
 Pre-touch: Disabled
 Parallel Workers: 10
 Concurrent Workers: 3
 Concurrent Refinement Workers: 10
 Periodic GC: Disabled
Heap:
 garbage-first heap   total 245760K, used 182283K [0x00000000c0000000, 0x0000000100000000)
  region size 1024K, 56 young (57344K), 4 survivors (4096K)
 Metaspace       used 82645K, committed 84992K, reserved 1179648K
  class space    used 11589K, committed 12736K, reserved 1048576K
GC Heap History (20 events):
Event: 8.713 GC heap before
{Heap before GC invocations=19 (full 1):
 garbage-first heap   total 138240K, used 113363K [0x00000000c0000000, 0x0000000100000000)
  region size 1024K, 61 young (62464K), 5 survivors (5120K)
 Metaspace       used 69790K, committed 72000K, reserved 1114112K
  class space    used 10063K, committed 11136K, reserved 1048576K
}
Event: 8.720 GC heap after
{Heap after GC invocations=20 (full 1):
 garbage-first heap   total 138240K, used 64506K [0x00000000c0000000, 0x0000000100000000)
  region size 1024K, 8 young (8192K), 8 survivors (8192K)
 Metaspace       used 69790K, committed 72000K, reserved 1114112K
  class space    used 10063K, committed 11136K, reserved 1048576K
}
Event: 8.843 GC heap before
{Heap before GC invocations=20 (full 1):
 garbage-first heap   total 138240K, used 114682K [0x00000000c0000000, 0x0000000100000000)
  region size 1024K, 57 young (58368K), 8 survivors (8192K)
 Metaspace       used 69916K, committed 72064K, reserved 1114112K
  class space    used 10080K, committed 11136K, reserved 1048576K
}
Event: 8.853 GC heap after
{Heap after GC invocations=21 (full 1):
 garbage-first heap   total 138240K, used 73637K [0x00000000c0000000, 0x0000000100000000)
  region size 1024K, 8 young (8192K), 8 survivors (8192K)
 Metaspace       used 69916K, committed 72064K, reserved 1114112K
  class space    used 10080K, committed 11136K, reserved 1048576K
}
Event: 9.278 GC heap before
{Heap before GC invocations=21 (full 1):
 garbage-first heap   total 138240K, used 105381K [0x00000000c0000000, 0x0000000100000000)
  region size 1024K, 41 young (41984K), 8 survivors (8192K)
 Metaspace       used 71660K, committed 73792K, reserved 1114112K
  class space    used 10313K, committed 11392K, reserved 1048576K
}
Event: 9.289 GC heap after
{Heap after GC invocations=22 (full 1):
 garbage-first heap   total 138240K, used 79024K [0x00000000c0000000, 0x0000000100000000)
  region size 1024K, 7 young (7168K), 7 survivors (7168K)
 Metaspace       used 71660K, committed 73792K, reserved 1114112K
  class space    used 10313K, committed 11392K, reserved 1048576K
}
Event: 9.931 GC heap before
{Heap before GC invocations=23 (full 1):
 garbage-first heap   total 143360K, used 127152K [0x00000000c0000000, 0x0000000100000000)
  region size 1024K, 43 young (44032K), 7 survivors (7168K)
 Metaspace       used 77737K, committed 79936K, reserved 1179648K
  class space    used 11021K, committed 12096K, reserved 1048576K
}
Event: 9.938 GC heap after
{Heap after GC invocations=24 (full 1):
 garbage-first heap   total 146432K, used 92962K [0x00000000c0000000, 0x0000000100000000)
  region size 1024K, 6 young (6144K), 6 survivors (6144K)
 Metaspace       used 77737K, committed 79936K, reserved 1179648K
  class space    used 11021K, committed 12096K, reserved 1048576K
}
Event: 10.188 GC heap before
{Heap before GC invocations=24 (full 1):
 garbage-first heap   total 146432K, used 126754K [0x00000000c0000000, 0x0000000100000000)
  region size 1024K, 37 young (37888K), 6 survivors (6144K)
 Metaspace       used 78059K, committed 80256K, reserved 1179648K
  class space    used 11057K, committed 12160K, reserved 1048576K
}
Event: 10.194 GC heap after
{Heap after GC invocations=25 (full 1):
 garbage-first heap   total 146432K, used 103818K [0x00000000c0000000, 0x0000000100000000)
  region size 1024K, 5 young (5120K), 5 survivors (5120K)
 Metaspace       used 78059K, committed 80256K, reserved 1179648K
  class space    used 11057K, committed 12160K, reserved 1048576K
}
Event: 10.277 GC heap before
{Heap before GC invocations=25 (full 1):
 garbage-first heap   total 146432K, used 109962K [0x00000000c0000000, 0x0000000100000000)
  region size 1024K, 13 young (13312K), 5 survivors (5120K)
 Metaspace       used 78086K, committed 80320K, reserved 1179648K
  class space    used 11058K, committed 12160K, reserved 1048576K
}
Event: 10.280 GC heap after
{Heap after GC invocations=26 (full 1):
 garbage-first heap   total 146432K, used 106623K [0x00000000c0000000, 0x0000000100000000)
  region size 1024K, 3 young (3072K), 3 survivors (3072K)
 Metaspace       used 78086K, committed 80320K, reserved 1179648K
  class space    used 11058K, committed 12160K, reserved 1048576K
}
Event: 10.353 GC heap before
{Heap before GC invocations=26 (full 1):
 garbage-first heap   total 214016K, used 128127K [0x00000000c0000000, 0x0000000100000000)
  region size 1024K, 23 young (23552K), 3 survivors (3072K)
 Metaspace       used 78092K, committed 80320K, reserved 1179648K
  class space    used 11058K, committed 12160K, reserved 1048576K
}
Event: 10.355 GC heap after
{Heap after GC invocations=27 (full 1):
 garbage-first heap   total 214016K, used 111941K [0x00000000c0000000, 0x0000000100000000)
  region size 1024K, 3 young (3072K), 3 survivors (3072K)
 Metaspace       used 78092K, committed 80320K, reserved 1179648K
  class space    used 11058K, committed 12160K, reserved 1048576K
}
Event: 10.803 GC heap before
{Heap before GC invocations=28 (full 1):
 garbage-first heap   total 214016K, used 171333K [0x00000000c0000000, 0x0000000100000000)
  region size 1024K, 62 young (63488K), 3 survivors (3072K)
 Metaspace       used 78900K, committed 81088K, reserved 1179648K
  class space    used 11129K, committed 12224K, reserved 1048576K
}
Event: 10.813 GC heap after
{Heap after GC invocations=29 (full 1):
 garbage-first heap   total 214016K, used 126210K [0x00000000c0000000, 0x0000000100000000)
  region size 1024K, 8 young (8192K), 8 survivors (8192K)
 Metaspace       used 78900K, committed 81088K, reserved 1179648K
  class space    used 11129K, committed 12224K, reserved 1048576K
}
Event: 11.347 GC heap before
{Heap before GC invocations=29 (full 1):
 garbage-first heap   total 214016K, used 176386K [0x00000000c0000000, 0x0000000100000000)
  region size 1024K, 58 young (59392K), 8 survivors (8192K)
 Metaspace       used 80910K, committed 83136K, reserved 1179648K
  class space    used 11347K, committed 12480K, reserved 1048576K
}
Event: 11.354 GC heap after
{Heap after GC invocations=30 (full 1):
 garbage-first heap   total 214016K, used 130222K [0x00000000c0000000, 0x0000000100000000)
  region size 1024K, 4 young (4096K), 4 survivors (4096K)
 Metaspace       used 80910K, committed 83136K, reserved 1179648K
  class space    used 11347K, committed 12480K, reserved 1048576K
}
Event: 11.541 GC heap before
{Heap before GC invocations=30 (full 1):
 garbage-first heap   total 214016K, used 182446K [0x00000000c0000000, 0x0000000100000000)
  region size 1024K, 55 young (56320K), 4 survivors (4096K)
 Metaspace       used 81242K, committed 83584K, reserved 1179648K
  class space    used 11389K, committed 12544K, reserved 1048576K
}
Event: 11.544 GC heap after
{Heap after GC invocations=31 (full 1):
 garbage-first heap   total 214016K, used 130059K [0x00000000c0000000, 0x0000000100000000)
  region size 1024K, 4 young (4096K), 4 survivors (4096K)
 Metaspace       used 81242K, committed 83584K, reserved 1179648K
  class space    used 11389K, committed 12544K, reserved 1048576K
}

