# JRE version: Java(TM) SE Runtime Environment (21.0.4+8) (build 21.0.4+8-LTS-274)
# Java VM: Java HotSpot(TM) 64-Bit Server VM (21.0.4+8-LTS-274, mixed mode, sharing, tiered, compressed oops, compressed class ptrs, g1 gc, windows-amd64)
GC Precious Log:
 CardTable entry size: 512
 Card Set container configuration: InlinePtr #cards 5 size 8 Array Of Cards #cards 12 size 40 Howl #buckets 4 coarsen threshold 1843 Howl Bitmap #cards 512 size 80 coarsen threshold 460 Card regions per heap region 1 cards per card region 2048
 CPUs: 12 total, 12 available
 Memory: 16087M
 Large Page Support: Disabled
 NUMA Support: Disabled
 Compressed Oops: Enabled (32-bit)
 Heap Region Size: 1M
 Heap Min Capacity: 8M
 Heap Initial Capacity: 252M
 Heap Max Capacity: 1G
 Pre-touch: Disabled
 Parallel Workers: 10
 Concurrent Workers: 3
 Concurrent Refinement Workers: 10
 Periodic GC: Disabled
Heap:
 garbage-first heap   total 282624K, used 191036K [0x00000000c0000000, 0x0000000100000000)
  region size 1024K, 5 young (5120K), 4 survivors (4096K)
 Metaspace       used 83282K, committed 85568K, reserved 1179648K
  class space    used 11602K, committed 12736K, reserved 1048576K
GC Heap History (20 events):
Event: 23.385 GC heap before
{Heap before GC invocations=29 (full 1):
 garbage-first heap   total 142336K, used 105477K [0x00000000c0000000, 0x0000000100000000)
  region size 1024K, 11 young (11264K), 5 survivors (5120K)
 Metaspace       used 78246K, committed 80384K, reserved 1179648K
  class space    used 11043K, committed 12096K, reserved 1048576K
}
Event: 23.389 GC heap after
{Heap after GC invocations=30 (full 1):
 garbage-first heap   total 142336K, used 101655K [0x00000000c0000000, 0x0000000100000000)
  region size 1024K, 2 young (2048K), 2 survivors (2048K)
 Metaspace       used 78246K, committed 80384K, reserved 1179648K
  class space    used 11043K, committed 12096K, reserved 1048576K
}
Event: 23.663 GC heap before
{Heap before GC invocations=31 (full 1):
 garbage-first heap   total 189440K, used 129303K [0x00000000c0000000, 0x0000000100000000)
  region size 1024K, 26 young (26624K), 2 survivors (2048K)
 Metaspace       used 78249K, committed 80384K, reserved 1179648K
  class space    used 11043K, committed 12096K, reserved 1048576K
}
Event: 23.668 GC heap after
{Heap after GC invocations=32 (full 1):
 garbage-first heap   total 189440K, used 113028K [0x00000000c0000000, 0x0000000100000000)
  region size 1024K, 4 young (4096K), 4 survivors (4096K)
 Metaspace       used 78249K, committed 80384K, reserved 1179648K
  class space    used 11043K, committed 12096K, reserved 1048576K
}
Event: 24.408 GC heap before
{Heap before GC invocations=32 (full 1):
 garbage-first heap   total 189440K, used 151940K [0x00000000c0000000, 0x0000000100000000)
  region size 1024K, 42 young (43008K), 4 survivors (4096K)
 Metaspace       used 78807K, committed 80960K, reserved 1179648K
  class space    used 11100K, committed 12160K, reserved 1048576K
}
Event: 24.417 GC heap after
{Heap after GC invocations=33 (full 1):
 garbage-first heap   total 189440K, used 119868K [0x00000000c0000000, 0x0000000100000000)
  region size 1024K, 6 young (6144K), 6 survivors (6144K)
 Metaspace       used 78807K, committed 80960K, reserved 1179648K
  class space    used 11100K, committed 12160K, reserved 1048576K
}
Event: 25.320 GC heap before
{Heap before GC invocations=33 (full 1):
 garbage-first heap   total 189440K, used 156732K [0x00000000c0000000, 0x0000000100000000)
  region size 1024K, 42 young (43008K), 6 survivors (6144K)
 Metaspace       used 79055K, committed 81216K, reserved 1179648K
  class space    used 11111K, committed 12160K, reserved 1048576K
}
Event: 25.333 GC heap after
{Heap after GC invocations=34 (full 1):
 garbage-first heap   total 189440K, used 128692K [0x00000000c0000000, 0x0000000100000000)
  region size 1024K, 6 young (6144K), 6 survivors (6144K)
 Metaspace       used 79055K, committed 81216K, reserved 1179648K
  class space    used 11111K, committed 12160K, reserved 1048576K
}
Event: 26.432 GC heap before
{Heap before GC invocations=35 (full 1):
 garbage-first heap   total 217088K, used 161460K [0x00000000c0000000, 0x0000000100000000)
  region size 1024K, 39 young (39936K), 6 survivors (6144K)
 Metaspace       used 80475K, committed 82688K, reserved 1179648K
  class space    used 11256K, committed 12352K, reserved 1048576K
}
Event: 26.441 GC heap after
{Heap after GC invocations=36 (full 1):
 garbage-first heap   total 217088K, used 132673K [0x00000000c0000000, 0x0000000100000000)
  region size 1024K, 3 young (3072K), 3 survivors (3072K)
 Metaspace       used 80475K, committed 82688K, reserved 1179648K
  class space    used 11256K, committed 12352K, reserved 1048576K
}
Event: 27.423 GC heap before
{Heap before GC invocations=36 (full 1):
 garbage-first heap   total 217088K, used 180801K [0x00000000c0000000, 0x0000000100000000)
  region size 1024K, 50 young (51200K), 3 survivors (3072K)
 Metaspace       used 81216K, committed 83520K, reserved 1179648K
  class space    used 11332K, committed 12480K, reserved 1048576K
}
Event: 27.428 GC heap after
{Heap after GC invocations=37 (full 1):
 garbage-first heap   total 217088K, used 132645K [0x00000000c0000000, 0x0000000100000000)
  region size 1024K, 4 young (4096K), 4 survivors (4096K)
 Metaspace       used 81216K, committed 83520K, reserved 1179648K
  class space    used 11332K, committed 12480K, reserved 1048576K
}
Event: 27.930 GC heap before
{Heap before GC invocations=37 (full 1):
 garbage-first heap   total 217088K, used 183845K [0x00000000c0000000, 0x0000000100000000)
  region size 1024K, 54 young (55296K), 4 survivors (4096K)
 Metaspace       used 81495K, committed 83840K, reserved 1179648K
  class space    used 11383K, committed 12544K, reserved 1048576K
}
Event: 27.934 GC heap after
{Heap after GC invocations=38 (full 1):
 garbage-first heap   total 217088K, used 133074K [0x00000000c0000000, 0x0000000100000000)
  region size 1024K, 4 young (4096K), 4 survivors (4096K)
 Metaspace       used 81495K, committed 83840K, reserved 1179648K
  class space    used 11383K, committed 12544K, reserved 1048576K
}
Event: 28.466 GC heap before
{Heap before GC invocations=39 (full 1):
 garbage-first heap   total 227328K, used 188370K [0x00000000c0000000, 0x0000000100000000)
  region size 1024K, 58 young (59392K), 4 survivors (4096K)
 Metaspace       used 83251K, committed 85504K, reserved 1179648K
  class space    used 11600K, committed 12736K, reserved 1048576K
}
Event: 28.481 GC heap after
{Heap after GC invocations=40 (full 1):
 garbage-first heap   total 227328K, used 150749K [0x00000000c0000000, 0x0000000100000000)
  region size 1024K, 8 young (8192K), 8 survivors (8192K)
 Metaspace       used 83251K, committed 85504K, reserved 1179648K
  class space    used 11600K, committed 12736K, reserved 1048576K
}
Event: 28.685 GC heap before
{Heap before GC invocations=40 (full 1):
 garbage-first heap   total 227328K, used 194781K [0x00000000c0000000, 0x0000000100000000)
  region size 1024K, 51 young (52224K), 8 survivors (8192K)
 Metaspace       used 83282K, committed 85568K, reserved 1179648K
  class space    used 11602K, committed 12736K, reserved 1048576K
}
Event: 29.713 GC heap after
{Heap after GC invocations=41 (full 1):
 garbage-first heap   total 239616K, used 184038K [0x00000000c0000000, 0x0000000100000000)
  region size 1024K, 7 young (7168K), 7 survivors (7168K)
 Metaspace       used 83282K, committed 85568K, reserved 1179648K
  class space    used 11602K, committed 12736K, reserved 1048576K
}
Event: 29.816 GC heap before
{Heap before GC invocations=41 (full 1):
 garbage-first heap   total 239616K, used 207590K [0x00000000c0000000, 0x0000000100000000)
  region size 1024K, 30 young (30720K), 7 survivors (7168K)
 Metaspace       used 83282K, committed 85568K, reserved 1179648K
  class space    used 11602K, committed 12736K, reserved 1048576K
}
Event: 29.824 GC heap after
{Heap after GC invocations=42 (full 1):
 garbage-first heap   total 239616K, used 191036K [0x00000000c0000000, 0x0000000100000000)
  region size 1024K, 4 young (4096K), 4 survivors (4096K)
 Metaspace       used 83282K, committed 85568K, reserved 1179648K
  class space    used 11602K, committed 12736K, reserved 1048576K
}

